<?xml version="1.0" encoding="UTF-8"?>
<!-- Generated by org.testng.reporters.JUnitReportReporter -->
<testsuite skipped="0" hostname="LAPTOP-RBEIEIR0" name="com.demoTesting.Maven.Maven.testingProject.demo" tests="1" failures="0" timestamp="2020-09-30T21:31:25 IST" time="0.181" errors="0">
  <testcase name="hai" time="0.181" classname="com.demoTesting.Maven.Maven.testingProject.demo"/>
  <system-out/>
</testsuite> <!-- com.demoTesting.Maven.Maven.testingProject.demo -->
