<?xml version="1.0" encoding="UTF-8"?>
<!-- Generated by org.testng.reporters.JUnitReportReporter -->
<testsuite skipped="0" hostname="LAPTOP-RBEIEIR0" name="com.demoTesting.Maven.Maven.testingProject.Extentreports" tests="1" failures="0" timestamp="2020-10-12T16:33:45 IST" time="11.799" errors="0">
  <testcase name="demo" time="11.799" classname="com.demoTesting.Maven.Maven.testingProject.Extentreports"/>
  <system-out/>
</testsuite> <!-- com.demoTesting.Maven.Maven.testingProject.Extentreports -->
