<?xml version="1.0" encoding="UTF-8"?>
<!-- Generated by org.testng.reporters.JUnitReportReporter -->
<testsuite skipped="0" hostname="LAPTOP-RBEIEIR0" name="com.demoTesting.Maven.Maven.testingProject.enabled" tests="4" failures="0" timestamp="2020-10-05T10:50:43 IST" time="0.025" errors="0">
  <testcase name="personalloan" time="0.002" classname="com.demoTesting.Maven.Maven.testingProject.enabled"/>
  <system-out/>
  <testcase name="bikeloan" time="0.018" classname="com.demoTesting.Maven.Maven.testingProject.enabled"/>
  <system-out/>
  <testcase name="carloan" time="0.002" classname="com.demoTesting.Maven.Maven.testingProject.enabled"/>
  <system-out/>
  <testcase name="houseloan" time="0.003" classname="com.demoTesting.Maven.Maven.testingProject.enabled"/>
  <system-out/>
</testsuite> <!-- com.demoTesting.Maven.Maven.testingProject.enabled -->
