<?xml version="1.0" encoding="UTF-8"?>
<!-- Generated by org.testng.reporters.JUnitReportReporter -->
<testsuite skipped="0" hostname="LAPTOP-RBEIEIR0" name="com.demoTesting.Maven.Maven.testingProject.demo1" tests="2" failures="0" timestamp="2020-10-05T10:41:00 IST" time="0.004" errors="0">
  <testcase name="hello" time="0.002" classname="com.demoTesting.Maven.Maven.testingProject.demo1"/>
  <system-out/>
  <testcase name="bye" time="0.002" classname="com.demoTesting.Maven.Maven.testingProject.demo1"/>
  <system-out/>
</testsuite> <!-- com.demoTesting.Maven.Maven.testingProject.demo1 -->
