<?xml version="1.0" encoding="UTF-8"?>
<!-- Generated by org.testng.reporters.JUnitReportReporter -->
<testsuite skipped="0" hostname="LAPTOP-RBEIEIR0" name="com.demoTesting.Maven.Maven.testingProject.include" tests="2" failures="0" timestamp="2020-10-05T10:41:00 IST" time="0.018" errors="0">
  <testcase name="test2" time="0.016" classname="com.demoTesting.Maven.Maven.testingProject.include"/>
  <system-out/>
  <testcase name="test3" time="0.002" classname="com.demoTesting.Maven.Maven.testingProject.include"/>
  <system-out/>
</testsuite> <!-- com.demoTesting.Maven.Maven.testingProject.include -->
